Using pre-set license
Built from '2023.1/staging' branch; Version is '2023.1.20f1 (35a524b12060) revision 3515684'; Using compiler version '192829333'; Build Type 'Release'
OS: 'Windows 11  (10.0.26100) 64bit Core' Language: 'en' Physical Memory: 16088 MB
BatchMode: 1, IsHumanControllingUs: 0, StartBugReporterOnCrash: 0, Is64bit: 1, IsPro: 1

COMMAND LINE ARGUMENTS:
C:\Program Files\Unity\Hub\Editor\2023.1.20f1\Editor\Unity.exe
-adb2
-batchMode
-noUpm
-name
AssetImportWorker0
-projectPath
C:/Users/Lcres/OneDrive/Documents/ECS657U-PP21-Game
-logFile
Logs/AssetImportWorker0.log
-srvPort
59700
Successfully changed project path to: C:/Users/Lcres/OneDrive/Documents/ECS657U-PP21-Game
C:/Users/Lcres/OneDrive/Documents/ECS657U-PP21-Game
[UnityMemory] Configuration Parameters - Can be set up in boot.config
    "memorysetup-bucket-allocator-granularity=16"
    "memorysetup-bucket-allocator-bucket-count=8"
    "memorysetup-bucket-allocator-block-size=33554432"
    "memorysetup-bucket-allocator-block-count=8"
    "memorysetup-main-allocator-block-size=16777216"
    "memorysetup-thread-allocator-block-size=16777216"
    "memorysetup-gfx-main-allocator-block-size=16777216"
    "memorysetup-gfx-thread-allocator-block-size=16777216"
    "memorysetup-cache-allocator-block-size=4194304"
    "memorysetup-typetree-allocator-block-size=2097152"
    "memorysetup-profiler-bucket-allocator-granularity=16"
    "memorysetup-profiler-bucket-allocator-bucket-count=8"
    "memorysetup-profiler-bucket-allocator-block-size=33554432"
    "memorysetup-profiler-bucket-allocator-block-count=8"
    "memorysetup-profiler-allocator-block-size=16777216"
    "memorysetup-profiler-editor-allocator-block-size=1048576"
    "memorysetup-temp-allocator-size-main=16777216"
    "memorysetup-job-temp-allocator-block-size=2097152"
    "memorysetup-job-temp-allocator-block-size-background=1048576"
    "memorysetup-job-temp-allocator-reduction-small-platforms=262144"
    "memorysetup-allocator-temp-initial-block-size-main=262144"
    "memorysetup-allocator-temp-initial-block-size-worker=262144"
    "memorysetup-temp-allocator-size-background-worker=32768"
    "memorysetup-temp-allocator-size-job-worker=262144"
    "memorysetup-temp-allocator-size-preload-manager=33554432"
    "memorysetup-temp-allocator-size-nav-mesh-worker=65536"
    "memorysetup-temp-allocator-size-audio-worker=65536"
    "memorysetup-temp-allocator-size-cloud-worker=32768"
    "memorysetup-temp-allocator-size-gi-baking-worker=262144"
    "memorysetup-temp-allocator-size-gfx=262144"
Player connection [7848] Host "[IP] 192.168.56.1 [Port] 0 [Flags] 2 [Guid] 2001171868 [EditorId] 2001171868 [Version] 1048832 [Id] WindowsEditor(7,Louis) [Debug] 1 [PackageName] WindowsEditor [ProjectName] Editor" joined multi-casting on [225.0.0.222:54997]...

Player connection [7848] Host "[IP] 192.168.56.1 [Port] 0 [Flags] 2 [Guid] 2001171868 [EditorId] 2001171868 [Version] 1048832 [Id] WindowsEditor(7,Louis) [Debug] 1 [PackageName] WindowsEditor [ProjectName] Editor" joined alternative multi-casting on [225.0.0.222:34997]...

[Physics::Module] Initialized MultithreadedJobDispatcher with 19 workers.
Library Redirect Path: Library/Refreshing native plugins compatible for Editor in 10.60 ms, found 3 plugins.
Preloading 0 native plugins for Editor in 0.00 ms.
Initialize engine version: 2023.1.20f1 (35a524b12060)
[Subsystems] Discovering subsystems at path C:/Program Files/Unity/Hub/Editor/2023.1.20f1/Editor/Data/Resources/UnitySubsystems
[Subsystems] Discovering subsystems at path C:/Users/Lcres/OneDrive/Documents/ECS657U-PP21-Game/Assets
GfxDevice: creating device client; threaded=0; jobified=0
Direct3D:
    Version:  Direct3D 11.0 [level 11.1]
    Renderer: NVIDIA GeForce RTX 3060 Laptop GPU (ID=0x2520)
    Vendor:   NVIDIA
    VRAM:     6023 MB
    Driver:   30.0.15.1274
Initialize mono
Mono path[0] = 'C:/Program Files/Unity/Hub/Editor/2023.1.20f1/Editor/Data/Managed'
Mono path[1] = 'C:/Program Files/Unity/Hub/Editor/2023.1.20f1/Editor/Data/MonoBleedingEdge/lib/mono/unityjit-win32'
Mono config path = 'C:/Program Files/Unity/Hub/Editor/2023.1.20f1/Editor/Data/MonoBleedingEdge/etc'
Using monoOptions --debugger-agent=transport=dt_socket,embedding=1,server=y,suspend=n,address=127.0.0.1:56652
Begin MonoManager ReloadAssembly
Registering precompiled unity dll's ...
Register platform support module: C:/Program Files/Unity/Hub/Editor/2023.1.20f1/Editor/Data/PlaybackEngines/WindowsStandaloneSupport/UnityEditor.WindowsStandalone.Extensions.dll
Registered in 0.002899 seconds.
- Loaded All Assemblies, in  0.352 seconds
Native extension for WindowsStandalone target not found
Mono: successfully reloaded assembly
- Finished resetting the current domain, in  0.276 seconds
Domain Reload Profiling: 626ms
	BeginReloadAssembly (120ms)
		ExecutionOrderSort (0ms)
		DisableScriptedObjects (0ms)
		BackupInstance (0ms)
		ReleaseScriptingObjects (0ms)
		CreateAndSetChildDomain (1ms)
	RebuildCommonClasses (31ms)
	RebuildNativeTypeToScriptingClass (10ms)
	initialDomainReloadingComplete (48ms)
	LoadAllAssembliesAndSetupDomain (141ms)
		LoadAssemblies (118ms)
		RebuildTransferFunctionScriptingTraits (0ms)
		AnalyzeDomain (136ms)
			TypeCache.Refresh (135ms)
				TypeCache.ScanAssembly (124ms)
			ScanForSourceGeneratedMonoScriptInfo (0ms)
			ResolveRequiredComponents (0ms)
	FinalizeReload (276ms)
		ReleaseScriptCaches (0ms)
		RebuildScriptCaches (0ms)
		SetupLoadedEditorAssemblies (231ms)
			LogAssemblyErrors (0ms)
			InitializePlatformSupportModulesInManaged (8ms)
			SetLoadedEditorAssemblies (6ms)
			BeforeProcessingInitializeOnLoad (8ms)
			ProcessInitializeOnLoadAttributes (158ms)
			ProcessInitializeOnLoadMethodAttributes (51ms)
			AfterProcessingInitializeOnLoad (0ms)
			EditorAssembliesLoaded (0ms)
		ExecutionOrderSort2 (0ms)
		AwakeInstancesAfterBackupRestoration (0ms)
========================================================================
Worker process is ready to serve import requests
Import Worker Mode flag is 0x00
Begin MonoManager ReloadAssembly
- Loaded All Assemblies, in  0.974 seconds
Refreshing native plugins compatible for Editor in 3.44 ms, found 3 plugins.
Native extension for WindowsStandalone target not found
Mono: successfully reloaded assembly
- Finished resetting the current domain, in  0.730 seconds
Domain Reload Profiling: 1700ms
	BeginReloadAssembly (275ms)
		ExecutionOrderSort (0ms)
		DisableScriptedObjects (5ms)
		BackupInstance (0ms)
		ReleaseScriptingObjects (0ms)
		CreateAndSetChildDomain (26ms)
	RebuildCommonClasses (33ms)
	RebuildNativeTypeToScriptingClass (12ms)
	initialDomainReloadingComplete (40ms)
	LoadAllAssembliesAndSetupDomain (609ms)
		LoadAssemblies (363ms)
		RebuildTransferFunctionScriptingTraits (0ms)
		AnalyzeDomain (336ms)
			TypeCache.Refresh (305ms)
				TypeCache.ScanAssembly (295ms)
			ScanForSourceGeneratedMonoScriptInfo (21ms)
			ResolveRequiredComponents (10ms)
	FinalizeReload (731ms)
		ReleaseScriptCaches (0ms)
		RebuildScriptCaches (0ms)
		SetupLoadedEditorAssemblies (543ms)
			LogAssemblyErrors (0ms)
			InitializePlatformSupportModulesInManaged (6ms)
			SetLoadedEditorAssemblies (4ms)
			BeforeProcessingInitializeOnLoad (97ms)
			ProcessInitializeOnLoadAttributes (407ms)
			ProcessInitializeOnLoadMethodAttributes (24ms)
			AfterProcessingInitializeOnLoad (5ms)
			EditorAssembliesLoaded (0ms)
		ExecutionOrderSort2 (0ms)
		AwakeInstancesAfterBackupRestoration (7ms)
Failed to load shader (instanceID 414, GUID 14eb328de4b8eb245bb7cea29e4ac00b)
Failed to load shader (instanceID 416, GUID 68e6db2ebdc24f95958faec2be5558d6)
Failed to load shader (instanceID 408, GUID fe393ace9b354375a9cb14cdbbc28be4)
Failed to load shader (instanceID 424, GUID 128e987d567d4e2c824d754223b3f3b0)
Failed to load shader (instanceID 430, GUID c8d12adcee749c344b8117cf7c7eb912)
Failed to load shader (instanceID 420, GUID 48bb5f55d8670e349b6e614913f9d910)
Failed to load shader (instanceID 422, GUID 85187c2149c549c5b33f0cdb02836b17)
Failed to load shader (instanceID 418, GUID bc1ede39bf3643ee8e493720e4259791)
Failed to load shader (instanceID 410, GUID cf81c85f95fe47e1a27f6ae460cf182c)
Failed to load shader (instanceID 432, GUID f7ada0af4f174f0694ca6a487b8f543d)
Failed to load shader (instanceID 412, GUID dd89cf5b9246416f84610a006f916af7)
Failed to load shader (instanceID 428, GUID a02a7d8c237544f1962732b55a9aebf1)
Failed to load shader (instanceID 426, GUID 1e3b057af24249748ff873be7fafee47)
Launched and connected shader compiler UnityShaderCompiler.exe after 0.03 seconds
Refreshing native plugins compatible for Editor in 3.85 ms, found 3 plugins.
Preloading 0 native plugins for Editor in 0.00 ms.
Unloading 5822 Unused Serialized files (Serialized files now loaded: 0)
Unloading 97 unused Assets / (2.2 MB). Loaded Objects now: 6379.
Memory consumption went from 254.8 MB to 252.6 MB.
Total: 5.151600 ms (FindLiveObjects: 0.340100 ms CreateObjectMapping: 0.224800 ms MarkObjects: 4.045200 ms  DeleteObjects: 0.540100 ms)

AssetImportParameters requested are different than current active one (requested -> active):
  custom:video-decoder-webm-vp8: 9c59270c3fd7afecdb556c50c9e8de78 -> 
  custom:audio-encoder-webm-vorbis: bf7c407c2cedff20999df2af8eb42d56 -> 
  custom:AudioImporter_EditorPlatform: d09bf68614088b80899f8185d706f6e7 -> 
  custom:audio-decoder-ogg-vorbis: bf7c407c2cedff20999df2af8eb42d56 -> 
  custom:video-encoder-webm-vp8: eb34c28f22e8b96e1ab97ce403110664 -> 
  custom:container-demuxer-ogg: 62fdf1f143b41e24485cea50d1cbac27 -> 
  custom:framework-win-MediaFoundation: 216162199b28c13a410421893ffa2e32 -> 
  custom:video-decoder-ogg-theora: a1e56fd34408186e4bbccfd4996cb3dc -> 
  custom:container-muxer-webm: aa71ff27fc2769a1b78a27578f13a17b -> 
  custom:container-demuxer-webm: 4f35f7cbe854078d1ac9338744f61a02 -> 
========================================================================
Received Import Request.
  Time since last request: 859466.171469 seconds.
  path: Assets/SciFi Warehouse Kit/Art/Meshes/Props/Crates Barrels Pallets/Barrel.fbx
  artifactKey: Guid(7b44d744f6c37d441952d043e70b584c) Importer(815301076,1909f56bfc062723c751e8b465ee728b)
Start importing Assets/SciFi Warehouse Kit/Art/Meshes/Props/Crates Barrels Pallets/Barrel.fbx using Guid(7b44d744f6c37d441952d043e70b584c) Importer(815301076,1909f56bfc062723c751e8b465ee728b)  -> (artifact id: '0667f13b5d1906ad88de02496b771138') in 0.358046 seconds
Number of updated asset objects reloaded before import = 0
Number of asset objects unloaded after import = 10
========================================================================
Received Prepare
Failed to load shader (instanceID 414, GUID 14eb328de4b8eb245bb7cea29e4ac00b)
Failed to load shader (instanceID 416, GUID 68e6db2ebdc24f95958faec2be5558d6)
Failed to load shader (instanceID 408, GUID fe393ace9b354375a9cb14cdbbc28be4)
Failed to load shader (instanceID 424, GUID 128e987d567d4e2c824d754223b3f3b0)
Failed to load shader (instanceID 430, GUID c8d12adcee749c344b8117cf7c7eb912)
Failed to load shader (instanceID 420, GUID 48bb5f55d8670e349b6e614913f9d910)
Failed to load shader (instanceID 422, GUID 85187c2149c549c5b33f0cdb02836b17)
Failed to load shader (instanceID 418, GUID bc1ede39bf3643ee8e493720e4259791)
Failed to load shader (instanceID 410, GUID cf81c85f95fe47e1a27f6ae460cf182c)
Failed to load shader (instanceID 432, GUID f7ada0af4f174f0694ca6a487b8f543d)
Failed to load shader (instanceID 412, GUID dd89cf5b9246416f84610a006f916af7)
Failed to load shader (instanceID 428, GUID a02a7d8c237544f1962732b55a9aebf1)
Failed to load shader (instanceID 426, GUID 1e3b057af24249748ff873be7fafee47)
Refreshing native plugins compatible for Editor in 3.38 ms, found 3 plugins.
Preloading 0 native plugins for Editor in 0.00 ms.
Unloading 9 Unused Serialized files (Serialized files now loaded: 0)
Unloading 10 unused Assets / (2.2 MB). Loaded Objects now: 6390.
Memory consumption went from 143.5 MB to 141.4 MB.
Total: 5.670800 ms (FindLiveObjects: 0.589700 ms CreateObjectMapping: 0.287300 ms MarkObjects: 4.350300 ms  DeleteObjects: 0.442100 ms)

Prepare: number of updated asset objects reloaded= 0
AssetImportParameters requested are different than current active one (requested -> active):
  custom:video-decoder-webm-vp8: 9c59270c3fd7afecdb556c50c9e8de78 -> 
  custom:SearchIndexIgnoredProperties: e643bd26f0fe6173181afceb89e7c659 -> 
  custom:audio-encoder-webm-vorbis: bf7c407c2cedff20999df2af8eb42d56 -> 
  custom:AudioImporter_EditorPlatform: d09bf68614088b80899f8185d706f6e7 -> 
  custom:audio-decoder-ogg-vorbis: bf7c407c2cedff20999df2af8eb42d56 -> 
  custom:video-encoder-webm-vp8: eb34c28f22e8b96e1ab97ce403110664 -> 
  custom:container-demuxer-ogg: 62fdf1f143b41e24485cea50d1cbac27 -> 
  custom:framework-win-MediaFoundation: 216162199b28c13a410421893ffa2e32 -> 
  custom:video-decoder-ogg-theora: a1e56fd34408186e4bbccfd4996cb3dc -> 
  custom:container-muxer-webm: aa71ff27fc2769a1b78a27578f13a17b -> 
  custom:CustomObjectIndexerAttribute: a3ef5dd2817f97addfee359851a9dba5 -> 
  custom:container-demuxer-webm: 4f35f7cbe854078d1ac9338744f61a02 -> 
========================================================================
Received Import Request.
  Time since last request: 85.284622 seconds.
  path: Assets/Zombie/Prefabs
  artifactKey: Guid(62092c25312055548a5b415184883759) Importer(815301076,1909f56bfc062723c751e8b465ee728b)
Start importing Assets/Zombie/Prefabs using Guid(62092c25312055548a5b415184883759) Importer(815301076,1909f56bfc062723c751e8b465ee728b)  -> (artifact id: 'e24e32a2f153b39c9f4fa33d80a17a8e') in 0.011993 seconds
Number of updated asset objects reloaded before import = 0
Number of asset objects unloaded after import = 0
========================================================================
Received Import Request.
  Time since last request: 0.012788 seconds.
  path: Assets/Zombie/Prefabs/Zombie1.prefab
  artifactKey: Guid(6dc4cf4496348884d8ee27743ae38562) Importer(815301076,1909f56bfc062723c751e8b465ee728b)
Start importing Assets/Zombie/Prefabs/Zombie1.prefab using Guid(6dc4cf4496348884d8ee27743ae38562) Importer(815301076,1909f56bfc062723c751e8b465ee728b)  -> (artifact id: '331d32891edd597ab4dd4592cc37d43e') in 0.273476 seconds
Internal: There are remaining Allocations on the JobTempAlloc. This is a leak, and will impact performance
To Debug, run app with -diag-job-temp-memory-leak-validation cmd line argument. This will output the callstacks of the leaked allocations.
Number of updated asset objects reloaded before import = 0
Number of asset objects unloaded after import = 200
========================================================================
Received Import Request.
  Time since last request: 0.000024 seconds.
  path: Assets/Zombie/Prefabs/Zombie3.prefab
  artifactKey: Guid(06cb2b131fe009c47a523671a8fa9ed8) Importer(815301076,1909f56bfc062723c751e8b465ee728b)
Start importing Assets/Zombie/Prefabs/Zombie3.prefab using Guid(06cb2b131fe009c47a523671a8fa9ed8) Importer(815301076,1909f56bfc062723c751e8b465ee728b)  -> (artifact id: 'ab52d72b79203525284e95770ba4f40b') in 0.064636 seconds
Internal: There are remaining Allocations on the JobTempAlloc. This is a leak, and will impact performance
To Debug, run app with -diag-job-temp-memory-leak-validation cmd line argument. This will output the callstacks of the leaked allocations.
Number of updated asset objects reloaded before import = 0
Number of asset objects unloaded after import = 148
========================================================================
Received Prepare
Begin MonoManager ReloadAssembly
- Loaded All Assemblies, in  0.849 seconds
Refreshing native plugins compatible for Editor in 3.53 ms, found 3 plugins.
Native extension for WindowsStandalone target not found
Mono: successfully reloaded assembly
- Finished resetting the current domain, in  1.203 seconds
Domain Reload Profiling: 2049ms
	BeginReloadAssembly (185ms)
		ExecutionOrderSort (0ms)
		DisableScriptedObjects (5ms)
		BackupInstance (0ms)
		ReleaseScriptingObjects (0ms)
		CreateAndSetChildDomain (51ms)
	RebuildCommonClasses (33ms)
	RebuildNativeTypeToScriptingClass (11ms)
	initialDomainReloadingComplete (28ms)
	LoadAllAssembliesAndSetupDomain (588ms)
		LoadAssemblies (342ms)
		RebuildTransferFunctionScriptingTraits (0ms)
		AnalyzeDomain (335ms)
			TypeCache.Refresh (314ms)
				TypeCache.ScanAssembly (304ms)
			ScanForSourceGeneratedMonoScriptInfo (8ms)
			ResolveRequiredComponents (13ms)
	FinalizeReload (1204ms)
		ReleaseScriptCaches (0ms)
		RebuildScriptCaches (0ms)
		SetupLoadedEditorAssemblies (526ms)
			LogAssemblyErrors (0ms)
			InitializePlatformSupportModulesInManaged (6ms)
			SetLoadedEditorAssemblies (3ms)
			BeforeProcessingInitializeOnLoad (102ms)
			ProcessInitializeOnLoadAttributes (387ms)
			ProcessInitializeOnLoadMethodAttributes (23ms)
			AfterProcessingInitializeOnLoad (5ms)
			EditorAssembliesLoaded (0ms)
		ExecutionOrderSort2 (0ms)
		AwakeInstancesAfterBackupRestoration (7ms)
Failed to load shader (instanceID 414, GUID 14eb328de4b8eb245bb7cea29e4ac00b)
Failed to load shader (instanceID 416, GUID 68e6db2ebdc24f95958faec2be5558d6)
Failed to load shader (instanceID 408, GUID fe393ace9b354375a9cb14cdbbc28be4)
Failed to load shader (instanceID 424, GUID 128e987d567d4e2c824d754223b3f3b0)
Failed to load shader (instanceID 430, GUID c8d12adcee749c344b8117cf7c7eb912)
Failed to load shader (instanceID 420, GUID 48bb5f55d8670e349b6e614913f9d910)
Failed to load shader (instanceID 422, GUID 85187c2149c549c5b33f0cdb02836b17)
Failed to load shader (instanceID 418, GUID bc1ede39bf3643ee8e493720e4259791)
Failed to load shader (instanceID 410, GUID cf81c85f95fe47e1a27f6ae460cf182c)
Failed to load shader (instanceID 432, GUID f7ada0af4f174f0694ca6a487b8f543d)
Failed to load shader (instanceID 412, GUID dd89cf5b9246416f84610a006f916af7)
Failed to load shader (instanceID 428, GUID a02a7d8c237544f1962732b55a9aebf1)
Failed to load shader (instanceID 426, GUID 1e3b057af24249748ff873be7fafee47)
Refreshing native plugins compatible for Editor in 3.48 ms, found 3 plugins.
Preloading 0 native plugins for Editor in 0.00 ms.
Unloading 5766 Unused Serialized files (Serialized files now loaded: 0)
Unloading 51 unused Assets / (2.2 MB). Loaded Objects now: 6449.
Memory consumption went from 242.5 MB to 240.3 MB.
Total: 5.310100 ms (FindLiveObjects: 0.340200 ms CreateObjectMapping: 0.219000 ms MarkObjects: 4.230000 ms  DeleteObjects: 0.518600 ms)

Prepare: number of updated asset objects reloaded= 0
AssetImportParameters requested are different than current active one (requested -> active):
  custom:video-decoder-webm-vp8: 9c59270c3fd7afecdb556c50c9e8de78 -> 
  custom:SearchIndexIgnoredProperties: e643bd26f0fe6173181afceb89e7c659 -> 
  custom:audio-encoder-webm-vorbis: bf7c407c2cedff20999df2af8eb42d56 -> 
  custom:AudioImporter_EditorPlatform: d09bf68614088b80899f8185d706f6e7 -> 
  custom:audio-decoder-ogg-vorbis: bf7c407c2cedff20999df2af8eb42d56 -> 
  custom:video-encoder-webm-vp8: eb34c28f22e8b96e1ab97ce403110664 -> 
  custom:container-demuxer-ogg: 62fdf1f143b41e24485cea50d1cbac27 -> 
  custom:framework-win-MediaFoundation: 216162199b28c13a410421893ffa2e32 -> 
  custom:video-decoder-ogg-theora: a1e56fd34408186e4bbccfd4996cb3dc -> 
  custom:container-muxer-webm: aa71ff27fc2769a1b78a27578f13a17b -> 
  custom:CustomObjectIndexerAttribute: a3ef5dd2817f97addfee359851a9dba5 -> 
  custom:container-demuxer-webm: 4f35f7cbe854078d1ac9338744f61a02 -> 
========================================================================
Received Import Request.
  Time since last request: 112.591848 seconds.
  path: Assets/Input Actions/Controls.inputactions
  artifactKey: Guid(8dcc6a318ec0ec6409f2446ba1eb207c) Importer(815301076,1909f56bfc062723c751e8b465ee728b)
Start importing Assets/Input Actions/Controls.inputactions using Guid(8dcc6a318ec0ec6409f2446ba1eb207c) Importer(815301076,1909f56bfc062723c751e8b465ee728b)  -> (artifact id: '7813ae0b5283ad45914468f42b2a8c19') in 0.029263 seconds
Number of updated asset objects reloaded before import = 0
Number of asset objects unloaded after import = 7
========================================================================
Received Prepare
Begin MonoManager ReloadAssembly
- Loaded All Assemblies, in  0.837 seconds
Refreshing native plugins compatible for Editor in 3.67 ms, found 3 plugins.
Native extension for WindowsStandalone target not found
Mono: successfully reloaded assembly
- Finished resetting the current domain, in  1.230 seconds
Domain Reload Profiling: 2064ms
	BeginReloadAssembly (187ms)
		ExecutionOrderSort (0ms)
		DisableScriptedObjects (5ms)
		BackupInstance (0ms)
		ReleaseScriptingObjects (0ms)
		CreateAndSetChildDomain (50ms)
	RebuildCommonClasses (34ms)
	RebuildNativeTypeToScriptingClass (11ms)
	initialDomainReloadingComplete (27ms)
	LoadAllAssembliesAndSetupDomain (574ms)
		LoadAssemblies (342ms)
		RebuildTransferFunctionScriptingTraits (0ms)
		AnalyzeDomain (323ms)
			TypeCache.Refresh (310ms)
				TypeCache.ScanAssembly (299ms)
			ScanForSourceGeneratedMonoScriptInfo (0ms)
			ResolveRequiredComponents (13ms)
	FinalizeReload (1230ms)
		ReleaseScriptCaches (0ms)
		RebuildScriptCaches (0ms)
		SetupLoadedEditorAssemblies (571ms)
			LogAssemblyErrors (0ms)
			InitializePlatformSupportModulesInManaged (6ms)
			SetLoadedEditorAssemblies (3ms)
			BeforeProcessingInitializeOnLoad (106ms)
			ProcessInitializeOnLoadAttributes (425ms)
			ProcessInitializeOnLoadMethodAttributes (25ms)
			AfterProcessingInitializeOnLoad (5ms)
			EditorAssembliesLoaded (0ms)
		ExecutionOrderSort2 (0ms)
		AwakeInstancesAfterBackupRestoration (8ms)
Failed to load shader (instanceID 414, GUID 14eb328de4b8eb245bb7cea29e4ac00b)
Failed to load shader (instanceID 416, GUID 68e6db2ebdc24f95958faec2be5558d6)
Failed to load shader (instanceID 408, GUID fe393ace9b354375a9cb14cdbbc28be4)
Failed to load shader (instanceID 424, GUID 128e987d567d4e2c824d754223b3f3b0)
Failed to load shader (instanceID 430, GUID c8d12adcee749c344b8117cf7c7eb912)
Failed to load shader (instanceID 420, GUID 48bb5f55d8670e349b6e614913f9d910)
Failed to load shader (instanceID 422, GUID 85187c2149c549c5b33f0cdb02836b17)
Failed to load shader (instanceID 418, GUID bc1ede39bf3643ee8e493720e4259791)
Failed to load shader (instanceID 410, GUID cf81c85f95fe47e1a27f6ae460cf182c)
Failed to load shader (instanceID 432, GUID f7ada0af4f174f0694ca6a487b8f543d)
Failed to load shader (instanceID 412, GUID dd89cf5b9246416f84610a006f916af7)
Failed to load shader (instanceID 428, GUID a02a7d8c237544f1962732b55a9aebf1)
Failed to load shader (instanceID 426, GUID 1e3b057af24249748ff873be7fafee47)
Refreshing native plugins compatible for Editor in 3.06 ms, found 3 plugins.
Preloading 0 native plugins for Editor in 0.00 ms.
Unloading 5766 Unused Serialized files (Serialized files now loaded: 0)
Unloading 51 unused Assets / (2.2 MB). Loaded Objects now: 6463.
Memory consumption went from 244.5 MB to 242.3 MB.
Total: 5.859800 ms (FindLiveObjects: 0.397100 ms CreateObjectMapping: 0.236300 ms MarkObjects: 4.645900 ms  DeleteObjects: 0.579500 ms)

Prepare: number of updated asset objects reloaded= 0
AssetImportParameters requested are different than current active one (requested -> active):
  custom:video-decoder-webm-vp8: 9c59270c3fd7afecdb556c50c9e8de78 -> 
  custom:SearchIndexIgnoredProperties: e643bd26f0fe6173181afceb89e7c659 -> 
  custom:audio-encoder-webm-vorbis: bf7c407c2cedff20999df2af8eb42d56 -> 
  custom:AudioImporter_EditorPlatform: d09bf68614088b80899f8185d706f6e7 -> 
  custom:audio-decoder-ogg-vorbis: bf7c407c2cedff20999df2af8eb42d56 -> 
  custom:video-encoder-webm-vp8: eb34c28f22e8b96e1ab97ce403110664 -> 
  custom:container-demuxer-ogg: 62fdf1f143b41e24485cea50d1cbac27 -> 
  custom:framework-win-MediaFoundation: 216162199b28c13a410421893ffa2e32 -> 
  custom:video-decoder-ogg-theora: a1e56fd34408186e4bbccfd4996cb3dc -> 
  custom:container-muxer-webm: aa71ff27fc2769a1b78a27578f13a17b -> 
  custom:CustomObjectIndexerAttribute: a3ef5dd2817f97addfee359851a9dba5 -> 
  custom:container-demuxer-webm: 4f35f7cbe854078d1ac9338744f61a02 -> 
========================================================================
Received Prepare
Begin MonoManager ReloadAssembly
- Loaded All Assemblies, in  0.856 seconds
Refreshing native plugins compatible for Editor in 4.07 ms, found 3 plugins.
Native extension for WindowsStandalone target not found
Mono: successfully reloaded assembly
- Finished resetting the current domain, in  1.226 seconds
Domain Reload Profiling: 2077ms
	BeginReloadAssembly (181ms)
		ExecutionOrderSort (0ms)
		DisableScriptedObjects (5ms)
		BackupInstance (0ms)
		ReleaseScriptingObjects (0ms)
		CreateAndSetChildDomain (49ms)
	RebuildCommonClasses (40ms)
	RebuildNativeTypeToScriptingClass (21ms)
	initialDomainReloadingComplete (26ms)
	LoadAllAssembliesAndSetupDomain (583ms)
		LoadAssemblies (346ms)
		RebuildTransferFunctionScriptingTraits (0ms)
		AnalyzeDomain (323ms)
			TypeCache.Refresh (307ms)
				TypeCache.ScanAssembly (296ms)
			ScanForSourceGeneratedMonoScriptInfo (6ms)
			ResolveRequiredComponents (11ms)
	FinalizeReload (1226ms)
		ReleaseScriptCaches (0ms)
		RebuildScriptCaches (0ms)
		SetupLoadedEditorAssemblies (531ms)
			LogAssemblyErrors (0ms)
			InitializePlatformSupportModulesInManaged (6ms)
			SetLoadedEditorAssemblies (3ms)
			BeforeProcessingInitializeOnLoad (101ms)
			ProcessInitializeOnLoadAttributes (394ms)
			ProcessInitializeOnLoadMethodAttributes (23ms)
			AfterProcessingInitializeOnLoad (4ms)
			EditorAssembliesLoaded (0ms)
		ExecutionOrderSort2 (0ms)
		AwakeInstancesAfterBackupRestoration (8ms)
Failed to load shader (instanceID 414, GUID 14eb328de4b8eb245bb7cea29e4ac00b)
Failed to load shader (instanceID 416, GUID 68e6db2ebdc24f95958faec2be5558d6)
Failed to load shader (instanceID 408, GUID fe393ace9b354375a9cb14cdbbc28be4)
Failed to load shader (instanceID 424, GUID 128e987d567d4e2c824d754223b3f3b0)
Failed to load shader (instanceID 430, GUID c8d12adcee749c344b8117cf7c7eb912)
Failed to load shader (instanceID 420, GUID 48bb5f55d8670e349b6e614913f9d910)
Failed to load shader (instanceID 422, GUID 85187c2149c549c5b33f0cdb02836b17)
Failed to load shader (instanceID 418, GUID bc1ede39bf3643ee8e493720e4259791)
Failed to load shader (instanceID 410, GUID cf81c85f95fe47e1a27f6ae460cf182c)
Failed to load shader (instanceID 432, GUID f7ada0af4f174f0694ca6a487b8f543d)
Failed to load shader (instanceID 412, GUID dd89cf5b9246416f84610a006f916af7)
Failed to load shader (instanceID 428, GUID a02a7d8c237544f1962732b55a9aebf1)
Failed to load shader (instanceID 426, GUID 1e3b057af24249748ff873be7fafee47)
Refreshing native plugins compatible for Editor in 3.98 ms, found 3 plugins.
Preloading 0 native plugins for Editor in 0.00 ms.
Unloading 5767 Unused Serialized files (Serialized files now loaded: 0)
Unloading 51 unused Assets / (2.2 MB). Loaded Objects now: 6477.
Memory consumption went from 246.7 MB to 244.5 MB.
Total: 5.854700 ms (FindLiveObjects: 0.392000 ms CreateObjectMapping: 0.248400 ms MarkObjects: 4.429000 ms  DeleteObjects: 0.784100 ms)

Prepare: number of updated asset objects reloaded= 0
AssetImportParameters requested are different than current active one (requested -> active):
  custom:video-decoder-webm-vp8: 9c59270c3fd7afecdb556c50c9e8de78 -> 
  custom:SearchIndexIgnoredProperties: e643bd26f0fe6173181afceb89e7c659 -> 
  custom:audio-encoder-webm-vorbis: bf7c407c2cedff20999df2af8eb42d56 -> 
  custom:AudioImporter_EditorPlatform: d09bf68614088b80899f8185d706f6e7 -> 
  custom:audio-decoder-ogg-vorbis: bf7c407c2cedff20999df2af8eb42d56 -> 
  custom:video-encoder-webm-vp8: eb34c28f22e8b96e1ab97ce403110664 -> 
  custom:container-demuxer-ogg: 62fdf1f143b41e24485cea50d1cbac27 -> 
  custom:framework-win-MediaFoundation: 216162199b28c13a410421893ffa2e32 -> 
  custom:video-decoder-ogg-theora: a1e56fd34408186e4bbccfd4996cb3dc -> 
  custom:container-muxer-webm: aa71ff27fc2769a1b78a27578f13a17b -> 
  custom:CustomObjectIndexerAttribute: a3ef5dd2817f97addfee359851a9dba5 -> 
  custom:container-demuxer-webm: 4f35f7cbe854078d1ac9338744f61a02 -> 
